<?xml version="1.0" encoding="UTF-8"?>
<!-- Generated by org.testng.reporters.JUnitReportReporter -->
<testsuite skipped="0" hostname="L-156053666" name="TestNGPractice.practice" tests="1" failures="0" timestamp="22 May 2018 20:08:32 GMT" time="8.111" errors="0">
  <testcase name="openBrowser" time="8.111" classname="TestNGPractice.practice"/>
</testsuite> <!-- TestNGPractice.practice -->
