<?xml version="1.0" encoding="UTF-8"?>
<!-- Generated by org.testng.reporters.JUnitReportReporter -->
<testsuite skipped="0" hostname="L-156053666" name="TestNGPractice.practice" tests="1" failures="0" timestamp="22 May 2018 19:59:32 GMT" time="6.306" errors="0">
  <testcase name="openBrowser" time="6.306" classname="TestNGPractice.practice"/>
</testsuite> <!-- TestNGPractice.practice -->
